0 info it worked if it ends with ok
1 verbose cli [ '/usr/bin/nodejs', '/usr/bin/npm', 'run', 'build' ]
2 info using npm@3.5.2
3 info using node@v4.2.6
4 verbose run-script [ 'prebuild', 'build', 'postbuild' ]
5 info lifecycle vrview@2.0.1~prebuild: vrview@2.0.1
6 silly lifecycle vrview@2.0.1~prebuild: no script for prebuild, continuing
7 info lifecycle vrview@2.0.1~build: vrview@2.0.1
8 verbose lifecycle vrview@2.0.1~build: unsafe-perm in lifecycle true
9 verbose lifecycle vrview@2.0.1~build: PATH: /usr/share/npm/bin/node-gyp-bin:/cosmos/grps/2017/hmd/temp/new/vrview-master/node_modules/.bin:/home/robo/bin:/home/robo/.local/bin:/usr/local/sbin:/usr/local/bin:/usr/sbin:/usr/bin:/sbin:/bin:/usr/games:/usr/local/games:/snap/bin
10 verbose lifecycle vrview@2.0.1~build: CWD: /cosmos/grps/2017/hmd/temp/new/vrview-master
11 silly lifecycle vrview@2.0.1~build: Args: [ '-c',
11 silly lifecycle   'npm run build-min; npm run build-dev; npm run build-api' ]
12 silly lifecycle vrview@2.0.1~build: Returned: code: 1  signal: null
13 info lifecycle vrview@2.0.1~build: Failed to exec build script
14 verbose stack Error: vrview@2.0.1 build: `npm run build-min; npm run build-dev; npm run build-api`
14 verbose stack Exit status 1
14 verbose stack     at EventEmitter.<anonymous> (/usr/share/npm/lib/utils/lifecycle.js:232:16)
14 verbose stack     at emitTwo (events.js:87:13)
14 verbose stack     at EventEmitter.emit (events.js:172:7)
14 verbose stack     at ChildProcess.<anonymous> (/usr/share/npm/lib/utils/spawn.js:24:14)
14 verbose stack     at emitTwo (events.js:87:13)
14 verbose stack     at ChildProcess.emit (events.js:172:7)
14 verbose stack     at maybeClose (internal/child_process.js:821:16)
14 verbose stack     at Process.ChildProcess._handle.onexit (internal/child_process.js:211:5)
15 verbose pkgid vrview@2.0.1
16 verbose cwd /cosmos/grps/2017/hmd/temp/new/vrview-master
17 error Linux 4.10.0-37-generic
18 error argv "/usr/bin/nodejs" "/usr/bin/npm" "run" "build"
19 error node v4.2.6
20 error npm  v3.5.2
21 error code ELIFECYCLE
22 error vrview@2.0.1 build: `npm run build-min; npm run build-dev; npm run build-api`
22 error Exit status 1
23 error Failed at the vrview@2.0.1 build script 'npm run build-min; npm run build-dev; npm run build-api'.
23 error Make sure you have the latest version of node.js and npm installed.
23 error If you do, this is most likely a problem with the vrview package,
23 error not with npm itself.
23 error Tell the author that this fails on your system:
23 error     npm run build-min; npm run build-dev; npm run build-api
23 error You can get information on how to open an issue for this project with:
23 error     npm bugs vrview
23 error Or if that isn't available, you can get their info via:
23 error     npm owner ls vrview
23 error There is likely additional logging output above.
24 verbose exit [ 1, true ]
